2023-10-03 23:37:34,233 - INFO - you are connected to 8888
2023-10-03 23:37:34,233 - INFO - Connected to the server
2023-10-03 23:37:36,663 - INFO - File selected: C:/Users/andre/OneDrive/Pictures/Screenshots/Screenshot 2023-09-30 121957.png
2023-10-03 23:37:36,663 - INFO - preparing data...
2023-10-03 23:37:36,663 - INFO - reading file...
2023-10-03 23:37:36,663 - INFO - file read
2023-10-03 23:37:36,663 - INFO - preparing meta data...
2023-10-03 23:37:36,663 - INFO - meta data prepared
2023-10-03 23:37:36,663 - INFO - preparing look up table...
2023-10-03 23:37:36,670 - INFO - {0: '1874c112eb9e6d7eb21dfd4deb9784fc0abc227c81369ea71a2d17f59ddffb6b', 1: 'b4fb5e2eeb632a7c197b0b55e1a0b4da0a684a6979c25b6f41918f89e4251117', 2: 'f9251222de59780f0db546114651fa98194314e1136076fdbcce35e3827d366a', 3: '89dbd209fc9a4706c4c838f546f562c7e612d35f4a31ef4f3dd52fb314e527b8'}
2023-10-03 23:37:36,673 - INFO - data prepared
2023-10-03 23:38:55,133 - INFO - you are connected to 8888
2023-10-03 23:38:55,143 - INFO - Connected to the server
2023-10-03 23:38:57,123 - INFO - File selected: C:/Users/andre/OneDrive/Pictures/Screenshots/Screenshot 2023-09-30 121957.png
2023-10-03 23:38:57,123 - INFO - preparing data...
2023-10-03 23:38:57,123 - INFO - reading file...
2023-10-03 23:38:57,123 - INFO - file read
2023-10-03 23:38:57,123 - INFO - preparing meta data...
2023-10-03 23:38:57,123 - INFO - meta data prepared
2023-10-03 23:38:57,123 - INFO - preparing look up table...
2023-10-03 23:38:57,123 - INFO - {0: '1874c112eb9e6d7eb21dfd4deb9784fc0abc227c81369ea71a2d17f59ddffb6b', 1: 'b4fb5e2eeb632a7c197b0b55e1a0b4da0a684a6979c25b6f41918f89e4251117', 2: 'f9251222de59780f0db546114651fa98194314e1136076fdbcce35e3827d366a', 3: '89dbd209fc9a4706c4c838f546f562c7e612d35f4a31ef4f3dd52fb314e527b8'}
2023-10-03 23:38:57,133 - INFO - data prepared
2023-10-03 23:40:09,453 - INFO - you are connected to 8888
2023-10-03 23:40:09,453 - INFO - Connected to the server
2023-10-03 23:40:11,133 - INFO - File selected: C:/Users/andre/OneDrive/Pictures/Screenshots/Screenshot 2023-09-30 121957.png
2023-10-03 23:40:11,133 - INFO - preparing data...
2023-10-03 23:40:11,133 - INFO - reading file...
2023-10-03 23:40:11,133 - INFO - file read
2023-10-03 23:40:11,133 - INFO - preparing meta data...
2023-10-03 23:40:11,133 - INFO - meta data prepared
2023-10-03 23:40:11,133 - INFO - preparing look up table...
2023-10-03 23:40:11,133 - INFO - {0: '1874c112eb9e6d7eb21dfd4deb9784fc0abc227c81369ea71a2d17f59ddffb6b', 1: 'b4fb5e2eeb632a7c197b0b55e1a0b4da0a684a6979c25b6f41918f89e4251117', 2: 'f9251222de59780f0db546114651fa98194314e1136076fdbcce35e3827d366a', 3: '89dbd209fc9a4706c4c838f546f562c7e612d35f4a31ef4f3dd52fb314e527b8'}
2023-10-03 23:40:11,143 - INFO - data prepared
2023-10-03 23:40:11,143 - INFO - meta data response: {"NODE": "SELF", "TYPE": "UPLOAD", "SIZE": 62123}
2023-10-03 23:40:11,143 - INFO - sending 0 to 1024
2023-10-03 23:40:11,143 - INFO - sending 1024 to 2048
2023-10-03 23:40:11,143 - INFO - sending 2048 to 3072
2023-10-03 23:40:11,143 - INFO - sending 3072 to 4096
2023-10-03 23:40:11,143 - INFO - sending 4096 to 5120
2023-10-03 23:40:11,143 - INFO - sending 5120 to 6144
2023-10-03 23:40:11,143 - INFO - sending 6144 to 7168
2023-10-03 23:40:11,143 - INFO - sending 7168 to 8192
2023-10-03 23:40:11,143 - INFO - sending 8192 to 9216
2023-10-03 23:40:11,143 - INFO - sending 9216 to 10240
2023-10-03 23:40:11,143 - INFO - sending 10240 to 11264
2023-10-03 23:40:11,143 - INFO - sending 11264 to 12288
2023-10-03 23:40:11,143 - INFO - sending 12288 to 13312
2023-10-03 23:40:11,143 - INFO - sending 13312 to 14336
2023-10-03 23:40:11,143 - INFO - sending 14336 to 15360
2023-10-03 23:40:11,143 - INFO - sending 15360 to 16384
2023-10-03 23:40:11,143 - INFO - sending 16384 to 17408
2023-10-03 23:40:11,143 - INFO - sending 17408 to 18432
2023-10-03 23:40:11,143 - INFO - sending 18432 to 19456
2023-10-03 23:40:11,143 - INFO - sending 19456 to 20480
2023-10-03 23:40:11,143 - INFO - sending 20480 to 21504
2023-10-03 23:40:11,143 - INFO - sending 21504 to 22528
2023-10-03 23:40:11,143 - INFO - sending 22528 to 23552
2023-10-03 23:40:11,143 - INFO - sending 23552 to 24576
2023-10-03 23:40:11,143 - INFO - sending 24576 to 25600
2023-10-03 23:40:11,143 - INFO - sending 25600 to 26624
2023-10-03 23:40:11,153 - INFO - sending 26624 to 27648
2023-10-03 23:40:11,153 - INFO - sending 27648 to 28672
2023-10-03 23:40:11,153 - INFO - sending 28672 to 29696
2023-10-03 23:40:11,153 - INFO - sending 29696 to 30720
2023-10-03 23:40:11,153 - INFO - sending 30720 to 31744
2023-10-03 23:40:11,153 - INFO - sending 31744 to 32768
2023-10-03 23:40:11,153 - INFO - sending 32768 to 33792
2023-10-03 23:40:11,153 - INFO - sending 33792 to 34816
2023-10-03 23:40:11,153 - INFO - sending 34816 to 35840
2023-10-03 23:40:11,153 - INFO - sending 35840 to 36864
2023-10-03 23:40:11,153 - INFO - sending 36864 to 37888
2023-10-03 23:40:11,153 - INFO - sending 37888 to 38912
2023-10-03 23:40:11,153 - INFO - sending 38912 to 39936
2023-10-03 23:40:11,153 - INFO - sending 39936 to 40960
2023-10-03 23:40:11,153 - INFO - sending 40960 to 41984
2023-10-03 23:40:11,153 - INFO - sending 41984 to 43008
2023-10-03 23:40:11,153 - INFO - sending 43008 to 44032
2023-10-03 23:40:11,153 - INFO - sending 44032 to 45056
2023-10-03 23:40:11,153 - INFO - sending 45056 to 46080
2023-10-03 23:40:11,153 - INFO - sending 46080 to 47104
2023-10-03 23:40:11,153 - INFO - sending 47104 to 48128
2023-10-03 23:40:11,153 - INFO - sending 48128 to 49152
2023-10-03 23:40:11,153 - INFO - sending 49152 to 50176
2023-10-03 23:40:11,153 - INFO - sending 50176 to 51200
2023-10-03 23:40:11,153 - INFO - sending 51200 to 52224
2023-10-03 23:40:11,153 - INFO - sending 52224 to 53248
2023-10-03 23:40:11,153 - INFO - sending 53248 to 54272
2023-10-03 23:40:11,153 - INFO - sending 54272 to 55296
2023-10-03 23:40:11,153 - INFO - sending 55296 to 56320
2023-10-03 23:40:11,153 - INFO - sending 56320 to 57344
2023-10-03 23:40:11,153 - INFO - sending 57344 to 58368
2023-10-03 23:40:11,153 - INFO - sending 58368 to 59392
2023-10-03 23:40:11,153 - INFO - sending 59392 to 60416
2023-10-03 23:40:11,153 - INFO - sending 60416 to 61440
2023-10-03 23:40:11,153 - INFO - sending 61440 to 62464
2023-10-03 23:40:11,153 - INFO - sending 62464 to 63488
2023-10-03 23:40:11,153 - INFO - sending 63488 to 64512
2023-10-03 23:40:11,153 - INFO - sending 64512 to 65536
2023-10-03 23:40:11,153 - INFO - sending 65536 to 66560
2023-10-03 23:40:11,153 - INFO - sending 66560 to 67584
2023-10-03 23:40:11,153 - INFO - sending 67584 to 68608
2023-10-03 23:40:11,153 - INFO - sending 68608 to 69632
2023-10-03 23:40:11,153 - INFO - sending 69632 to 70656
2023-10-03 23:40:11,153 - INFO - sending 70656 to 71680
2023-10-03 23:40:11,153 - INFO - sending 71680 to 72704
2023-10-03 23:40:11,153 - INFO - sending 72704 to 73728
2023-10-03 23:40:11,159 - INFO - sending 73728 to 74752
2023-10-03 23:40:11,159 - INFO - sending 74752 to 75776
2023-10-03 23:40:11,159 - INFO - sending 75776 to 76800
2023-10-03 23:40:11,159 - INFO - sending 76800 to 77824
2023-10-03 23:40:11,159 - INFO - sending 77824 to 78848
2023-10-03 23:40:11,159 - INFO - sending 78848 to 79872
2023-10-03 23:40:11,159 - INFO - sending 79872 to 80896
2023-10-03 23:40:11,159 - INFO - sending 80896 to 81920
2023-10-03 23:40:11,159 - INFO - sending 81920 to 82944
2023-10-03 23:40:11,159 - INFO - sending 82944 to 83968
2023-10-03 23:40:11,159 - INFO - table sent
2023-10-03 23:40:11,159 - INFO - waiting for response hash table
2023-10-03 23:40:11,163 - INFO - {'0': '1874c112eb9e6d7eb21dfd4deb9784fc0abc227c81369ea71a2d17f59ddffb6b', '1': 'b4fb5e2eeb632a7c197b0b55e1a0b4da0a684a6979c25b6f41918f89e4251117', '2': 'f9251222de59780f0db546114651fa98194314e1136076fdbcce35e3827d366a', '3': '89dbd209fc9a4706c4c838f546f562c7e612d35f4a31ef4f3dd52fb314e527b8'}
2023-10-03 23:40:11,163 - INFO - response hash table received
2023-10-03 23:40:11,163 - INFO - Hashes are same
2023-10-03 23:43:42,801 - INFO - you are connected to 8888
2023-10-03 23:43:42,801 - INFO - Connected to the server
2023-10-03 23:43:44,599 - INFO - File selected: C:/Users/andre/OneDrive/Pictures/Screenshots/Screenshot 2023-09-30 121957.png
2023-10-03 23:43:44,601 - INFO - preparing data...
2023-10-03 23:43:44,601 - INFO - reading file...
2023-10-03 23:43:44,601 - INFO - file read
2023-10-03 23:43:44,601 - INFO - preparing meta data...
2023-10-03 23:43:44,601 - INFO - meta data prepared
2023-10-03 23:43:44,601 - INFO - preparing look up table...
2023-10-03 23:43:44,601 - INFO - {0: '1874c112eb9e6d7eb21dfd4deb9784fc0abc227c81369ea71a2d17f59ddffb6b', 1: 'b4fb5e2eeb632a7c197b0b55e1a0b4da0a684a6979c25b6f41918f89e4251117', 2: 'f9251222de59780f0db546114651fa98194314e1136076fdbcce35e3827d366a', 3: '89dbd209fc9a4706c4c838f546f562c7e612d35f4a31ef4f3dd52fb314e527b8'}
2023-10-03 23:43:44,601 - INFO - data prepared
2023-10-03 23:43:44,611 - INFO - meta data response: {"NODE": "SELF", "TYPE": "UPLOAD", "SIZE": 62123}
2023-10-03 23:43:44,611 - INFO - sending 0 to 1024
2023-10-03 23:43:44,611 - INFO - sending 1024 to 2048
2023-10-03 23:43:44,611 - INFO - sending 2048 to 3072
2023-10-03 23:43:44,611 - INFO - sending 3072 to 4096
2023-10-03 23:43:44,611 - INFO - sending 4096 to 5120
2023-10-03 23:43:44,611 - INFO - sending 5120 to 6144
2023-10-03 23:43:44,611 - INFO - sending 6144 to 7168
2023-10-03 23:43:44,611 - INFO - sending 7168 to 8192
2023-10-03 23:43:44,611 - INFO - sending 8192 to 9216
2023-10-03 23:43:44,611 - INFO - sending 9216 to 10240
2023-10-03 23:43:44,611 - INFO - sending 10240 to 11264
2023-10-03 23:43:44,611 - INFO - sending 11264 to 12288
2023-10-03 23:43:44,611 - INFO - sending 12288 to 13312
2023-10-03 23:43:44,611 - INFO - sending 13312 to 14336
2023-10-03 23:43:44,614 - INFO - sending 14336 to 15360
2023-10-03 23:43:44,614 - INFO - sending 15360 to 16384
2023-10-03 23:43:44,614 - INFO - sending 16384 to 17408
2023-10-03 23:43:44,614 - INFO - sending 17408 to 18432
2023-10-03 23:43:44,614 - INFO - sending 18432 to 19456
2023-10-03 23:43:44,614 - INFO - sending 19456 to 20480
2023-10-03 23:43:44,614 - INFO - sending 20480 to 21504
2023-10-03 23:43:44,614 - INFO - sending 21504 to 22528
2023-10-03 23:43:44,614 - INFO - sending 22528 to 23552
2023-10-03 23:43:44,614 - INFO - sending 23552 to 24576
2023-10-03 23:43:44,614 - INFO - sending 24576 to 25600
2023-10-03 23:43:44,614 - INFO - sending 25600 to 26624
2023-10-03 23:43:44,614 - INFO - sending 26624 to 27648
2023-10-03 23:43:44,614 - INFO - sending 27648 to 28672
2023-10-03 23:43:44,614 - INFO - sending 28672 to 29696
2023-10-03 23:43:44,614 - INFO - sending 29696 to 30720
2023-10-03 23:43:44,614 - INFO - sending 30720 to 31744
2023-10-03 23:43:44,614 - INFO - sending 31744 to 32768
2023-10-03 23:43:44,614 - INFO - sending 32768 to 33792
2023-10-03 23:43:44,614 - INFO - sending 33792 to 34816
2023-10-03 23:43:44,614 - INFO - sending 34816 to 35840
2023-10-03 23:43:44,614 - INFO - sending 35840 to 36864
2023-10-03 23:43:44,614 - INFO - sending 36864 to 37888
2023-10-03 23:43:44,614 - INFO - sending 37888 to 38912
2023-10-03 23:43:44,614 - INFO - sending 38912 to 39936
2023-10-03 23:43:44,614 - INFO - sending 39936 to 40960
2023-10-03 23:43:44,614 - INFO - sending 40960 to 41984
2023-10-03 23:43:44,614 - INFO - sending 41984 to 43008
2023-10-03 23:43:44,614 - INFO - sending 43008 to 44032
2023-10-03 23:43:44,614 - INFO - sending 44032 to 45056
2023-10-03 23:43:44,614 - INFO - sending 45056 to 46080
2023-10-03 23:43:44,614 - INFO - sending 46080 to 47104
2023-10-03 23:43:44,614 - INFO - sending 47104 to 48128
2023-10-03 23:43:44,614 - INFO - sending 48128 to 49152
2023-10-03 23:43:44,614 - INFO - sending 49152 to 50176
2023-10-03 23:43:44,614 - INFO - sending 50176 to 51200
2023-10-03 23:43:44,614 - INFO - sending 51200 to 52224
2023-10-03 23:43:44,614 - INFO - sending 52224 to 53248
2023-10-03 23:43:44,614 - INFO - sending 53248 to 54272
2023-10-03 23:43:44,614 - INFO - sending 54272 to 55296
2023-10-03 23:43:44,614 - INFO - sending 55296 to 56320
2023-10-03 23:43:44,614 - INFO - sending 56320 to 57344
2023-10-03 23:43:44,614 - INFO - sending 57344 to 58368
2023-10-03 23:43:44,614 - INFO - sending 58368 to 59392
2023-10-03 23:43:44,614 - INFO - sending 59392 to 60416
2023-10-03 23:43:44,614 - INFO - sending 60416 to 61440
2023-10-03 23:43:44,614 - INFO - sending 61440 to 62464
2023-10-03 23:43:44,614 - INFO - sending 62464 to 63488
2023-10-03 23:43:44,614 - INFO - sending 63488 to 64512
2023-10-03 23:43:44,614 - INFO - sending 64512 to 65536
2023-10-03 23:43:44,614 - INFO - sending 65536 to 66560
2023-10-03 23:43:44,614 - INFO - sending 66560 to 67584
2023-10-03 23:43:44,614 - INFO - sending 67584 to 68608
2023-10-03 23:43:44,621 - INFO - sending 68608 to 69632
2023-10-03 23:43:44,621 - INFO - sending 69632 to 70656
2023-10-03 23:43:44,621 - INFO - sending 70656 to 71680
2023-10-03 23:43:44,621 - INFO - sending 71680 to 72704
2023-10-03 23:43:44,621 - INFO - sending 72704 to 73728
2023-10-03 23:43:44,621 - INFO - sending 73728 to 74752
2023-10-03 23:43:44,621 - INFO - sending 74752 to 75776
2023-10-03 23:43:44,621 - INFO - sending 75776 to 76800
2023-10-03 23:43:44,621 - INFO - sending 76800 to 77824
2023-10-03 23:43:44,621 - INFO - sending 77824 to 78848
2023-10-03 23:43:44,621 - INFO - sending 78848 to 79872
2023-10-03 23:43:44,621 - INFO - sending 79872 to 80896
2023-10-03 23:43:44,621 - INFO - sending 80896 to 81920
2023-10-03 23:43:44,621 - INFO - sending 81920 to 82944
2023-10-03 23:43:44,621 - INFO - sending 82944 to 83968
2023-10-03 23:43:44,621 - INFO - table sent
2023-10-03 23:43:44,621 - INFO - waiting for response hash table
2023-10-03 23:43:44,621 - INFO - {'0': '1874c112eb9e6d7eb21dfd4deb9784fc0abc227c81369ea71a2d17f59ddffb6b', '1': 'b4fb5e2eeb632a7c197b0b55e1a0b4da0a684a6979c25b6f41918f89e4251117', '2': 'f9251222de59780f0db546114651fa98194314e1136076fdbcce35e3827d366a', '3': '89dbd209fc9a4706c4c838f546f562c7e612d35f4a31ef4f3dd52fb314e527b8'}
2023-10-03 23:43:44,621 - INFO - response hash table received
2023-10-03 23:43:44,621 - INFO - Hashes are same
2023-10-03 23:46:42,638 - INFO - you are connected to 8888
2023-10-03 23:46:42,638 - INFO - Connected to the server
2023-10-03 23:46:45,351 - INFO - File selected: C:/Users/andre/OneDrive/Pictures/Screenshots/Screenshot 2023-09-30 121957.png
2023-10-03 23:46:45,351 - INFO - preparing data...
2023-10-03 23:46:45,353 - INFO - reading file...
2023-10-03 23:46:45,353 - INFO - file read
2023-10-03 23:46:45,354 - INFO - preparing meta data...
2023-10-03 23:46:45,354 - INFO - meta data prepared
2023-10-03 23:46:45,354 - INFO - preparing look up table...
2023-10-03 23:46:45,354 - INFO - {0: '1874c112eb9e6d7eb21dfd4deb9784fc0abc227c81369ea71a2d17f59ddffb6b', 1: 'b4fb5e2eeb632a7c197b0b55e1a0b4da0a684a6979c25b6f41918f89e4251117', 2: 'f9251222de59780f0db546114651fa98194314e1136076fdbcce35e3827d366a', 3: '89dbd209fc9a4706c4c838f546f562c7e612d35f4a31ef4f3dd52fb314e527b8'}
2023-10-03 23:46:45,361 - INFO - data prepared
2023-10-03 23:52:25,262 - INFO - you are connected to 8888
2023-10-03 23:52:25,262 - INFO - Connected to the server
2023-10-03 23:52:27,317 - INFO - File selected: C:/Users/andre/OneDrive/Pictures/Screenshots/Screenshot 2023-09-30 121957.png
2023-10-03 23:52:27,317 - INFO - preparing data...
2023-10-03 23:52:27,317 - INFO - reading file...
2023-10-03 23:52:27,317 - INFO - file read
2023-10-03 23:52:27,317 - INFO - preparing meta data...
2023-10-03 23:52:27,317 - INFO - meta data prepared
2023-10-03 23:52:27,317 - INFO - preparing look up table...
2023-10-03 23:52:27,321 - INFO - {0: '1874c112eb9e6d7eb21dfd4deb9784fc0abc227c81369ea71a2d17f59ddffb6b', 1: 'b4fb5e2eeb632a7c197b0b55e1a0b4da0a684a6979c25b6f41918f89e4251117', 2: 'f9251222de59780f0db546114651fa98194314e1136076fdbcce35e3827d366a', 3: '89dbd209fc9a4706c4c838f546f562c7e612d35f4a31ef4f3dd52fb314e527b8'}
2023-10-03 23:52:27,328 - INFO - data prepared
2023-10-03 23:52:27,328 - INFO - meta data response: {"NODE": "SELF", "TYPE": "UPLOAD", "SIZE": 62123}
2023-10-03 23:52:27,328 - INFO - sending 0 to 1024
2023-10-03 23:52:27,328 - INFO - sending 1024 to 2048
2023-10-03 23:52:27,328 - INFO - sending 2048 to 3072
2023-10-03 23:52:27,328 - INFO - sending 3072 to 4096
2023-10-03 23:52:27,328 - INFO - sending 4096 to 5120
2023-10-03 23:52:27,328 - INFO - sending 5120 to 6144
2023-10-03 23:52:27,328 - INFO - sending 6144 to 7168
2023-10-03 23:52:27,328 - INFO - sending 7168 to 8192
2023-10-03 23:52:27,328 - INFO - sending 8192 to 9216
2023-10-03 23:52:27,332 - INFO - sending 9216 to 10240
2023-10-03 23:52:27,332 - INFO - sending 10240 to 11264
2023-10-03 23:52:27,332 - INFO - sending 11264 to 12288
2023-10-03 23:52:27,332 - INFO - sending 12288 to 13312
2023-10-03 23:52:27,332 - INFO - sending 13312 to 14336
2023-10-03 23:52:27,332 - INFO - sending 14336 to 15360
2023-10-03 23:52:27,332 - INFO - sending 15360 to 16384
2023-10-03 23:52:27,332 - INFO - sending 16384 to 17408
2023-10-03 23:52:27,332 - INFO - sending 17408 to 18432
2023-10-03 23:52:27,332 - INFO - sending 18432 to 19456
2023-10-03 23:52:27,332 - INFO - sending 19456 to 20480
2023-10-03 23:52:27,332 - INFO - sending 20480 to 21504
2023-10-03 23:52:27,332 - INFO - sending 21504 to 22528
2023-10-03 23:52:27,332 - INFO - sending 22528 to 23552
2023-10-03 23:52:27,332 - INFO - sending 23552 to 24576
2023-10-03 23:52:27,332 - INFO - sending 24576 to 25600
2023-10-03 23:52:27,332 - INFO - sending 25600 to 26624
2023-10-03 23:52:27,332 - INFO - sending 26624 to 27648
2023-10-03 23:52:27,332 - INFO - sending 27648 to 28672
2023-10-03 23:52:27,332 - INFO - sending 28672 to 29696
2023-10-03 23:52:27,332 - INFO - sending 29696 to 30720
2023-10-03 23:52:27,332 - INFO - sending 30720 to 31744
2023-10-03 23:52:27,332 - INFO - sending 31744 to 32768
2023-10-03 23:52:27,332 - INFO - sending 32768 to 33792
2023-10-03 23:52:27,332 - INFO - sending 33792 to 34816
2023-10-03 23:52:27,332 - INFO - sending 34816 to 35840
2023-10-03 23:52:27,332 - INFO - sending 35840 to 36864
2023-10-03 23:52:27,332 - INFO - sending 36864 to 37888
2023-10-03 23:52:27,332 - INFO - sending 37888 to 38912
2023-10-03 23:52:27,332 - INFO - sending 38912 to 39936
2023-10-03 23:52:27,332 - INFO - sending 39936 to 40960
2023-10-03 23:52:27,332 - INFO - sending 40960 to 41984
2023-10-03 23:52:27,332 - INFO - sending 41984 to 43008
2023-10-03 23:52:27,332 - INFO - sending 43008 to 44032
2023-10-03 23:52:27,332 - INFO - sending 44032 to 45056
2023-10-03 23:52:27,332 - INFO - sending 45056 to 46080
2023-10-03 23:52:27,332 - INFO - sending 46080 to 47104
2023-10-03 23:52:27,332 - INFO - sending 47104 to 48128
2023-10-03 23:52:27,332 - INFO - sending 48128 to 49152
2023-10-03 23:52:27,332 - INFO - sending 49152 to 50176
2023-10-03 23:52:27,332 - INFO - sending 50176 to 51200
2023-10-03 23:52:27,332 - INFO - sending 51200 to 52224
2023-10-03 23:52:27,332 - INFO - sending 52224 to 53248
2023-10-03 23:52:27,332 - INFO - sending 53248 to 54272
2023-10-03 23:52:27,332 - INFO - sending 54272 to 55296
2023-10-03 23:52:27,332 - INFO - sending 55296 to 56320
2023-10-03 23:52:27,332 - INFO - sending 56320 to 57344
2023-10-03 23:52:27,332 - INFO - sending 57344 to 58368
2023-10-03 23:52:27,332 - INFO - sending 58368 to 59392
2023-10-03 23:52:27,332 - INFO - sending 59392 to 60416
2023-10-03 23:52:27,332 - INFO - sending 60416 to 61440
2023-10-03 23:52:27,332 - INFO - sending 61440 to 62464
2023-10-03 23:52:27,332 - INFO - sending 62464 to 63488
2023-10-03 23:52:27,332 - INFO - sending 63488 to 64512
2023-10-03 23:52:27,332 - INFO - sending 64512 to 65536
2023-10-03 23:52:27,332 - INFO - sending 65536 to 66560
2023-10-03 23:52:27,332 - INFO - sending 66560 to 67584
2023-10-03 23:52:27,332 - INFO - sending 67584 to 68608
2023-10-03 23:52:27,332 - INFO - sending 68608 to 69632
2023-10-03 23:52:27,332 - INFO - sending 69632 to 70656
2023-10-03 23:52:27,332 - INFO - sending 70656 to 71680
2023-10-03 23:52:27,332 - INFO - sending 71680 to 72704
2023-10-03 23:52:27,332 - INFO - sending 72704 to 73728
2023-10-03 23:52:27,332 - INFO - sending 73728 to 74752
2023-10-03 23:52:27,332 - INFO - sending 74752 to 75776
2023-10-03 23:52:27,332 - INFO - sending 75776 to 76800
2023-10-03 23:52:27,332 - INFO - sending 76800 to 77824
2023-10-03 23:52:27,332 - INFO - sending 77824 to 78848
2023-10-03 23:52:27,332 - INFO - sending 78848 to 79872
2023-10-03 23:52:27,332 - INFO - sending 79872 to 80896
2023-10-03 23:52:27,332 - INFO - sending 80896 to 81920
2023-10-03 23:52:27,332 - INFO - sending 81920 to 82944
2023-10-03 23:52:27,332 - INFO - sending 82944 to 83968
2023-10-03 23:52:27,332 - INFO - table sent
2023-10-03 23:52:27,332 - INFO - waiting for response hash table
2023-10-03 23:52:27,342 - INFO - {'0': '1874c112eb9e6d7eb21dfd4deb9784fc0abc227c81369ea71a2d17f59ddffb6b', '1': 'b4fb5e2eeb632a7c197b0b55e1a0b4da0a684a6979c25b6f41918f89e4251117', '2': 'f9251222de59780f0db546114651fa98194314e1136076fdbcce35e3827d366a', '3': '89dbd209fc9a4706c4c838f546f562c7e612d35f4a31ef4f3dd52fb314e527b8'}
2023-10-03 23:52:27,342 - INFO - response hash table received
2023-10-03 23:52:27,342 - INFO - Hashes are same
2023-10-03 23:54:08,744 - INFO - you are connected to 8888
2023-10-03 23:54:08,745 - INFO - Connected to the server
2023-10-03 23:54:10,461 - INFO - File selected: C:/Users/andre/OneDrive/Pictures/Screenshots/Screenshot 2023-09-30 121957.png
2023-10-03 23:54:10,461 - INFO - preparing data...
2023-10-03 23:54:10,461 - INFO - reading file...
2023-10-03 23:54:10,461 - INFO - file read
2023-10-03 23:54:10,461 - INFO - preparing meta data...
2023-10-03 23:54:10,461 - INFO - meta data prepared
2023-10-03 23:54:10,461 - INFO - preparing look up table...
2023-10-03 23:54:10,461 - INFO - {0: '1874c112eb9e6d7eb21dfd4deb9784fc0abc227c81369ea71a2d17f59ddffb6b', 1: 'b4fb5e2eeb632a7c197b0b55e1a0b4da0a684a6979c25b6f41918f89e4251117', 2: 'f9251222de59780f0db546114651fa98194314e1136076fdbcce35e3827d366a', 3: '89dbd209fc9a4706c4c838f546f562c7e612d35f4a31ef4f3dd52fb314e527b8'}
2023-10-03 23:54:10,477 - INFO - data prepared
2023-10-03 23:54:10,477 - INFO - meta data response: {"NODE": "SELF", "TYPE": "UPLOAD", "SIZE": 62123}
2023-10-03 23:54:10,477 - INFO - sending 0 to 1024
2023-10-03 23:54:10,477 - INFO - sending 1024 to 2048
2023-10-03 23:54:10,482 - INFO - sending 2048 to 3072
2023-10-03 23:54:10,482 - INFO - sending 3072 to 4096
2023-10-03 23:54:10,482 - INFO - sending 4096 to 5120
2023-10-03 23:54:10,482 - INFO - sending 5120 to 6144
2023-10-03 23:54:10,482 - INFO - sending 6144 to 7168
2023-10-03 23:54:10,482 - INFO - sending 7168 to 8192
2023-10-03 23:54:10,482 - INFO - sending 8192 to 9216
2023-10-03 23:54:10,482 - INFO - sending 9216 to 10240
2023-10-03 23:54:10,482 - INFO - sending 10240 to 11264
2023-10-03 23:54:10,482 - INFO - sending 11264 to 12288
2023-10-03 23:54:10,482 - INFO - sending 12288 to 13312
2023-10-03 23:54:10,482 - INFO - sending 13312 to 14336
2023-10-03 23:54:10,482 - INFO - sending 14336 to 15360
2023-10-03 23:54:10,482 - INFO - sending 15360 to 16384
2023-10-03 23:54:10,482 - INFO - sending 16384 to 17408
2023-10-03 23:54:10,482 - INFO - sending 17408 to 18432
2023-10-03 23:54:10,482 - INFO - sending 18432 to 19456
2023-10-03 23:54:10,482 - INFO - sending 19456 to 20480
2023-10-03 23:54:10,482 - INFO - sending 20480 to 21504
2023-10-03 23:54:10,482 - INFO - sending 21504 to 22528
2023-10-03 23:54:10,482 - INFO - sending 22528 to 23552
2023-10-03 23:54:10,482 - INFO - sending 23552 to 24576
2023-10-03 23:54:10,482 - INFO - sending 24576 to 25600
2023-10-03 23:54:10,482 - INFO - sending 25600 to 26624
2023-10-03 23:54:10,482 - INFO - sending 26624 to 27648
2023-10-03 23:54:10,482 - INFO - sending 27648 to 28672
2023-10-03 23:54:10,482 - INFO - sending 28672 to 29696
2023-10-03 23:54:10,482 - INFO - sending 29696 to 30720
2023-10-03 23:54:10,482 - INFO - sending 30720 to 31744
2023-10-03 23:54:10,482 - INFO - sending 31744 to 32768
2023-10-03 23:54:10,482 - INFO - sending 32768 to 33792
2023-10-03 23:54:10,482 - INFO - sending 33792 to 34816
2023-10-03 23:54:10,482 - INFO - sending 34816 to 35840
2023-10-03 23:54:10,482 - INFO - sending 35840 to 36864
2023-10-03 23:54:10,482 - INFO - sending 36864 to 37888
2023-10-03 23:54:10,482 - INFO - sending 37888 to 38912
2023-10-03 23:54:10,482 - INFO - sending 38912 to 39936
2023-10-03 23:54:10,482 - INFO - sending 39936 to 40960
2023-10-03 23:54:10,482 - INFO - sending 40960 to 41984
2023-10-03 23:54:10,482 - INFO - sending 41984 to 43008
2023-10-03 23:54:10,482 - INFO - sending 43008 to 44032
2023-10-03 23:54:10,482 - INFO - sending 44032 to 45056
2023-10-03 23:54:10,482 - INFO - sending 45056 to 46080
2023-10-03 23:54:10,482 - INFO - sending 46080 to 47104
2023-10-03 23:54:10,482 - INFO - sending 47104 to 48128
2023-10-03 23:54:10,482 - INFO - sending 48128 to 49152
2023-10-03 23:54:10,482 - INFO - sending 49152 to 50176
2023-10-03 23:54:10,482 - INFO - sending 50176 to 51200
2023-10-03 23:54:10,482 - INFO - sending 51200 to 52224
2023-10-03 23:54:10,482 - INFO - sending 52224 to 53248
2023-10-03 23:54:10,482 - INFO - sending 53248 to 54272
2023-10-03 23:54:10,482 - INFO - sending 54272 to 55296
2023-10-03 23:54:10,482 - INFO - sending 55296 to 56320
2023-10-03 23:54:10,482 - INFO - sending 56320 to 57344
2023-10-03 23:54:10,482 - INFO - sending 57344 to 58368
2023-10-03 23:54:10,482 - INFO - sending 58368 to 59392
2023-10-03 23:54:10,482 - INFO - sending 59392 to 60416
2023-10-03 23:54:10,482 - INFO - sending 60416 to 61440
2023-10-03 23:54:10,482 - INFO - sending 61440 to 62464
2023-10-03 23:54:10,482 - INFO - sending 62464 to 63488
2023-10-03 23:54:10,482 - INFO - sending 63488 to 64512
2023-10-03 23:54:10,482 - INFO - sending 64512 to 65536
2023-10-03 23:54:10,482 - INFO - sending 65536 to 66560
2023-10-03 23:54:10,482 - INFO - sending 66560 to 67584
2023-10-03 23:54:10,482 - INFO - sending 67584 to 68608
2023-10-03 23:54:10,482 - INFO - sending 68608 to 69632
2023-10-03 23:54:10,482 - INFO - sending 69632 to 70656
2023-10-03 23:54:10,482 - INFO - sending 70656 to 71680
2023-10-03 23:54:10,482 - INFO - sending 71680 to 72704
2023-10-03 23:54:10,482 - INFO - sending 72704 to 73728
2023-10-03 23:54:10,482 - INFO - sending 73728 to 74752
2023-10-03 23:54:10,482 - INFO - sending 74752 to 75776
2023-10-03 23:54:10,482 - INFO - sending 75776 to 76800
2023-10-03 23:54:10,482 - INFO - sending 76800 to 77824
2023-10-03 23:54:10,482 - INFO - sending 77824 to 78848
2023-10-03 23:54:10,492 - INFO - sending 78848 to 79872
2023-10-03 23:54:10,492 - INFO - sending 79872 to 80896
2023-10-03 23:54:10,492 - INFO - sending 80896 to 81920
2023-10-03 23:54:10,492 - INFO - sending 81920 to 82944
2023-10-03 23:54:10,492 - INFO - sending 82944 to 83968
2023-10-03 23:54:10,492 - INFO - table sent
2023-10-03 23:54:10,492 - INFO - waiting for response hash table
2023-10-03 23:54:10,492 - INFO - {'0': '1874c112eb9e6d7eb21dfd4deb9784fc0abc227c81369ea71a2d17f59ddffb6b', '1': 'b4fb5e2eeb632a7c197b0b55e1a0b4da0a684a6979c25b6f41918f89e4251117', '2': 'f9251222de59780f0db546114651fa98194314e1136076fdbcce35e3827d366a', '3': '89dbd209fc9a4706c4c838f546f562c7e612d35f4a31ef4f3dd52fb314e527b8'}
2023-10-03 23:54:10,492 - INFO - response hash table received
2023-10-03 23:54:10,492 - INFO - Hashes are same
